[debug] [2025-06-12T21:52:39.942Z] ----------------------------------------------------------------------
[debug] [2025-06-12T21:52:39.945Z] Command:       C:\Users\buzzf\Downloads\node-v22.16.0-win-x64\node-v22.16.0-win-x64\node.exe C:\Users\buzzf\Downloads\node-v22.16.0-win-x64\node-v22.16.0-win-x64\node_modules\firebase-tools\lib\bin\firebase.js init
[debug] [2025-06-12T21:52:39.945Z] CLI Version:   14.7.0
[debug] [2025-06-12T21:52:39.945Z] Platform:      win32
[debug] [2025-06-12T21:52:39.945Z] Node Version:  v22.16.0
[debug] [2025-06-12T21:52:39.945Z] Time:          Thu Jun 12 2025 15:52:39 GMT-0600 (Mountain Daylight Time)
[debug] [2025-06-12T21:52:39.946Z] ----------------------------------------------------------------------
[debug] 
[debug] [2025-06-12T21:52:39.948Z] >>> [apiv2][query] GET https://firebase-public.firebaseio.com/cli.json [none]
[debug] [2025-06-12T21:52:40.254Z] > command requires scopes: ["email","openid","https://www.googleapis.com/auth/cloudplatformprojects.readonly","https://www.googleapis.com/auth/firebase","https://www.googleapis.com/auth/cloud-platform"]
[debug] [2025-06-12T21:52:40.255Z] > authorizing via signed-in user (sasha.expitrans@gmail.com)
[info] 
     ######## #### ########  ######## ########     ###     ######  ########
     ##        ##  ##     ## ##       ##     ##  ##   ##  ##       ##
     ######    ##  ########  ######   ########  #########  ######  ######
     ##        ##  ##    ##  ##       ##     ## ##     ##       ## ##
     ##       #### ##     ## ######## ########  ##     ##  ######  ########

You're about to initialize a Firebase project in this directory:

  C:\Users\buzzf\.vscode\music\music-teacher-nextjs

Before we get started, keep in mind:

  * You are initializing within an existing Firebase project directory

[debug] [2025-06-12T21:52:40.500Z] <<< [apiv2][status] GET https://firebase-public.firebaseio.com/cli.json 200
[debug] [2025-06-12T21:52:40.500Z] <<< [apiv2][body] GET https://firebase-public.firebaseio.com/cli.json {"cloudBuildErrorAfter":1594252800000,"cloudBuildWarnAfter":1590019200000,"defaultNode10After":1594252800000,"minVersion":"3.0.5","node8DeploysDisabledAfter":1613390400000,"node8RuntimeDisabledAfter":1615809600000,"node8WarnAfter":1600128000000}
[info] 
=== Project Setup
[info] 
[info] First, let's associate this project directory with a Firebase project.
[info] You can create multiple project aliases by running firebase use --add, 
[info] but for now we'll just set up a default project.
[info] 
[debug] [2025-06-12T21:53:16.876Z] Using project from CLI flag: musicplatform0909
[debug] [2025-06-12T21:53:16.877Z] Checked if tokens are valid: false, expires at: 1749498240787
[debug] [2025-06-12T21:53:16.877Z] Checked if tokens are valid: false, expires at: 1749498240787
[debug] [2025-06-12T21:53:16.877Z] > refreshing access token with scopes: []
[debug] [2025-06-12T21:53:16.878Z] >>> [apiv2][query] POST https://www.googleapis.com/oauth2/v3/token [none]
[debug] [2025-06-12T21:53:16.879Z] >>> [apiv2][body] POST https://www.googleapis.com/oauth2/v3/token [omitted]
[debug] [2025-06-12T21:53:17.050Z] <<< [apiv2][status] POST https://www.googleapis.com/oauth2/v3/token 200
[debug] [2025-06-12T21:53:17.050Z] <<< [apiv2][body] POST https://www.googleapis.com/oauth2/v3/token [omitted]
[debug] [2025-06-12T21:53:17.059Z] >>> [apiv2][query] GET https://firebase.googleapis.com/v1beta1/projects/musicplatform0909 [none]
[debug] [2025-06-12T21:53:17.662Z] <<< [apiv2][status] GET https://firebase.googleapis.com/v1beta1/projects/musicplatform0909 200
[debug] [2025-06-12T21:53:17.662Z] <<< [apiv2][body] GET https://firebase.googleapis.com/v1beta1/projects/musicplatform0909 {"projectId":"musicplatform0909","projectNumber":"929184075484","displayName":"musicplatform0909","name":"projects/musicplatform0909","resources":{"hostingSite":"musicplatform0909"},"state":"ACTIVE","etag":"1_4f04d585-2f61-4e00-b8c8-e200300014dc"}
[info] i  Using project musicplatform0909 (musicplatform0909) 
[info] 
=== Hosting Setup
[debug] [2025-06-12T21:53:17.668Z] Checked if tokens are valid: true, expires at: 1749768796051
[debug] [2025-06-12T21:53:17.668Z] Checked if tokens are valid: true, expires at: 1749768796051
[debug] [2025-06-12T21:53:17.668Z] >>> [apiv2][query] GET https://firebase.googleapis.com/v1beta1/projects/musicplatform0909 [none]
[debug] [2025-06-12T21:53:18.175Z] <<< [apiv2][status] GET https://firebase.googleapis.com/v1beta1/projects/musicplatform0909 200
[debug] [2025-06-12T21:53:18.175Z] <<< [apiv2][body] GET https://firebase.googleapis.com/v1beta1/projects/musicplatform0909 {"projectId":"musicplatform0909","projectNumber":"929184075484","displayName":"musicplatform0909","name":"projects/musicplatform0909","resources":{"hostingSite":"musicplatform0909"},"state":"ACTIVE","etag":"1_4f04d585-2f61-4e00-b8c8-e200300014dc"}
[info] 
[info] Your public directory is the folder (relative to your project directory) that
[info] will contain Hosting assets to be uploaded with firebase deploy. If you
[info] have a build process for your assets, use your build's output directory.
[info] 
[debug] [2025-06-12T21:53:28.588Z] ExitPromptError: User force closed the prompt with SIGINT
    at Interface.sigint (C:\Users\buzzf\Downloads\node-v22.16.0-win-x64\node-v22.16.0-win-x64\node_modules\firebase-tools\node_modules\@inquirer\core\dist\commonjs\lib\create-prompt.js:101:37)
    at Interface.emit (node:events:518:28)
    at Interface.emit (node:domain:489:12)
    at [_ttyWrite] [as _ttyWrite] (node:internal/readline/interface:1128:18)
    at ReadStream.onkeypress (node:internal/readline/interface:267:20)
    at ReadStream.emit (node:events:530:35)
    at ReadStream.emit (node:domain:489:12)
    at emitKeys (node:internal/readline/utils:370:14)
    at emitKeys.next (<anonymous>)
    at ReadStream.onData (node:internal/readline/emitKeypressEvents:64:36)
[error] 
[error] Error: An unexpected error has occurred.
